<?xml version="1.0" encoding="UTF-8"?>
<!-- Generated by org.testng.reporters.JUnitReportReporter -->
<testsuite hostname="akshat-zala" failures="0" tests="4" name="com.test.GoogleTestCases" time="0.000" errors="0" timestamp="25 Aug 2020 13:39:45 GMT" skipped="4">
  <testcase classname="com.test.GoogleTestCases" name="searchText" time="0.000">
    <skipped/>
  </testcase> <!-- searchText -->
  <testcase classname="com.test.GoogleTestCases" name="openGoogleURL" time="0.000">
    <skipped/>
  </testcase> <!-- openGoogleURL -->
  <testcase classname="com.test.GoogleTestCases" name="test" time="0.000">
    <skipped/>
  </testcase> <!-- test -->
  <testcase classname="com.test.GoogleTestCases" name="clickOnFirstLink">
    <skipped/>
  </testcase> <!-- clickOnFirstLink -->
</testsuite> <!-- com.test.GoogleTestCases -->
