<?xml version="1.0" encoding="UTF-8"?>
<!-- Generated by org.testng.reporters.JUnitReportReporter -->
<testsuite hostname="akshat-zala" failures="0" tests="2" name="com.test.FacebookTestCases" time="0.000" errors="0" timestamp="25 Aug 2020 13:39:45 GMT" skipped="2">
  <testcase classname="com.test.FacebookTestCases" name="openFacebookURL" time="0.000">
    <skipped/>
  </testcase> <!-- openFacebookURL -->
  <testcase classname="com.test.FacebookTestCases" name="changeLanguage">
    <skipped/>
  </testcase> <!-- changeLanguage -->
</testsuite> <!-- com.test.FacebookTestCases -->
